[dotenv@17.3.1] injecting env (8) from .env -- tip: ⚙️  specify custom .env file path with { path: '/custom/path/.env' }
EMAIL_USER = shahedrawajbeh20@gmail.com
EMAIL_PASS exists = true
✅ Firebase Admin SDK initialized
Server running on port 5000
MongoDB connected
✅ Notification reminder jobs registered (tz=Asia/Jerusalem)
(node:2816) [MONGOOSE] Warning: mongoose: the `new` option for `findOneAndUpdate()` and `findOneAndReplace()` is deprecated. Use `returnDocument: 'after'` instead.
(Use `node --trace-warnings ...` to show where the warning was created)
(node:2816) [MONGOOSE] Warning: mongoose: the `new` option for `findOneAndUpdate()` and `findOneAndReplace()` is deprecated. Use `returnDocument: 'after'` instead.
(node:2816) [MONGOOSE] Warning: mongoose: the `new` option for `findOneAndUpdate()` and `findOneAndReplace()` is deprecated. Use `returnDocument: 'after'` instead.
FCM SENT [order_status_changed] userId=69ce7277a05eee5abcd607ee token=...Z1c1Ww: projects/skinova-4c409/messages/0:1781251294129671%e49cdbfae49cdbfa
FCM SENT [order_status_changed] userId=69ce7277a05eee5abcd607ee token=...27iE8M: projects/skinova-4c409/messages/0:1781251294279652%e49cdbfae49cdbfa
[notificationService] Email sent [order_status_changed] userId=69ce7277a05eee5abcd607ee
(node:2816) [MONGOOSE] Warning: mongoose: the `new` option for `findOneAndUpdate()` and `findOneAndReplace()` is deprecated. Use `returnDocument: 'after'` instead.
FCM SENT [order_status_changed] userId=69ce7277a05eee5abcd607ee token=...Z1c1Ww: projects/skinova-4c409/messages/0:1781251419107743%e49cdbfae49cdbfa
FCM SENT [order_status_changed] userId=69ce7277a05eee5abcd607ee token=...27iE8M: projects/skinova-4c409/messages/0:1781251419247201%e49cdbfae49cdbfa
[notificationService] Email sent [order_status_changed] userId=69ce7277a05eee5abcd607ee
(node:2816) [MONGOOSE] Warning: mongoose: the `new` option for `findOneAndUpdate()` and `findOneAndReplace()` is deprecated. Use `returnDocument: 'after'` instead.
FCM SENT [order_status_changed] userId=69ce7277a05eee5abcd607ee token=...Z1c1Ww: projects/skinova-4c409/messages/0:1781251422414232%e49cdbfae49cdbfa
FCM SENT [order_status_changed] userId=69ce7277a05eee5abcd607ee token=...27iE8M: projects/skinova-4c409/messages/0:1781251422548808%e49cdbfae49cdbfa
[notificationService] Email sent [order_status_changed] userId=69ce7277a05eee5abcd607ee
(node:2816) [MONGOOSE] Warning: mongoose: the `new` option for `findOneAndUpdate()` and `findOneAndReplace()` is deprecated. Use `returnDocument: 'after'` instead.
FCM SENT [order_status_changed] userId=69ce7277a05eee5abcd607ee token=...Z1c1Ww: projects/skinova-4c409/messages/0:1781251432673043%e49cdbfae49cdbfa
FCM SENT [order_status_changed] userId=69ce7277a05eee5abcd607ee token=...27iE8M: projects/skinova-4c409/messages/0:1781251432798631%e49cdbfae49cdbfa
[notificationService] Email sent [order_status_changed] userId=69ce7277a05eee5abcd607ee
(node:2816) [MONGOOSE] Warning: mongoose: the `new` option for `findOneAndUpdate()` and `findOneAndReplace()` is deprecated. Use `returnDocument: 'after'` instead.
[2026-06-12T10:35:07.008Z] [PID: 2816] [32m[NODE-CRON][32m [33m[WARN][0m missed execution at Fri Jun 12 2026 12:45:00 GMT+0300 (Eastern European Summer Time)! Possible blocking IO or high CPU user at the same process used by node-cron.
[2026-06-12T10:35:07.041Z] [PID: 2816] [32m[NODE-CRON][32m [33m[WARN][0m missed execution at Fri Jun 12 2026 12:50:00 GMT+0300 (Eastern European Summer Time)! Possible blocking IO or high CPU user at the same process used by node-cron.
[2026-06-12T10:35:07.064Z] [PID: 2816] [32m[NODE-CRON][32m [33m[WARN][0m missed execution at Fri Jun 12 2026 12:55:00 GMT+0300 (Eastern European Summer Time)! Possible blocking IO or high CPU user at the same process used by node-cron.
[2026-06-12T10:35:07.104Z] [PID: 2816] [32m[NODE-CRON][32m [33m[WARN][0m missed execution at Fri Jun 12 2026 13:00:00 GMT+0300 (Eastern European Summer Time)! Possible blocking IO or high CPU user at the same process used by node-cron.
[2026-06-12T10:35:07.206Z] [PID: 2816] [32m[NODE-CRON][32m [33m[WARN][0m missed execution at Fri Jun 12 2026 13:05:00 GMT+0300 (Eastern European Summer Time)! Possible blocking IO or high CPU user at the same process used by node-cron.
[2026-06-12T10:35:07.238Z] [PID: 2816] [32m[NODE-CRON][32m [33m[WARN][0m missed execution at Fri Jun 12 2026 13:10:00 GMT+0300 (Eastern European Summer Time)! Possible blocking IO or high CPU user at the same process used by node-cron.
[2026-06-12T10:35:07.269Z] [PID: 2816] [32m[NODE-CRON][32m [33m[WARN][0m missed execution at Fri Jun 12 2026 13:15:00 GMT+0300 (Eastern European Summer Time)! Possible blocking IO or high CPU user at the same process used by node-cron.
[2026-06-12T10:35:07.306Z] [PID: 2816] [32m[NODE-CRON][32m [33m[WARN][0m missed execution at Fri Jun 12 2026 13:20:00 GMT+0300 (Eastern European Summer Time)! Possible blocking IO or high CPU user at the same process used by node-cron.
[2026-06-12T10:35:07.349Z] [PID: 2816] [32m[NODE-CRON][32m [33m[WARN][0m missed execution at Fri Jun 12 2026 13:25:00 GMT+0300 (Eastern European Summer Time)! Possible blocking IO or high CPU user at the same process used by node-cron.
[2026-06-12T10:35:07.390Z] [PID: 2816] [32m[NODE-CRON][32m [33m[WARN][0m missed execution at Fri Jun 12 2026 13:30:00 GMT+0300 (Eastern European Summer Time)! Possible blocking IO or high CPU user at the same process used by node-cron.
[2026-06-12T10:35:07.411Z] [PID: 2816] [32m[NODE-CRON][32m [33m[WARN][0m missed execution at Fri Jun 12 2026 13:35:00 GMT+0300 (Eastern European Summer Time)! Possible blocking IO or high CPU user at the same process used by node-cron.
[2026-06-12T10:47:11.448Z] [PID: 2816] [32m[NODE-CRON][32m [33m[WARN][0m missed execution at Fri Jun 12 2026 13:40:00 GMT+0300 (Eastern European Summer Time)! Possible blocking IO or high CPU user at the same process used by node-cron.
[2026-06-12T10:47:11.450Z] [PID: 2816] [32m[NODE-CRON][32m [33m[WARN][0m missed execution at Fri Jun 12 2026 13:45:00 GMT+0300 (Eastern European Summer Time)! Possible blocking IO or high CPU user at the same process used by node-cron.
[2026-06-12T11:17:15.527Z] [PID: 2816] [32m[NODE-CRON][32m [33m[WARN][0m missed execution at Fri Jun 12 2026 13:50:00 GMT+0300 (Eastern European Summer Time)! Possible blocking IO or high CPU user at the same process used by node-cron.
[2026-06-12T11:17:15.531Z] [PID: 2816] [32m[NODE-CRON][32m [33m[WARN][0m missed execution at Fri Jun 12 2026 13:55:00 GMT+0300 (Eastern European Summer Time)! Possible blocking IO or high CPU user at the same process used by node-cron.
[2026-06-12T11:17:15.534Z] [PID: 2816] [32m[NODE-CRON][32m [33m[WARN][0m missed execution at Fri Jun 12 2026 14:00:00 GMT+0300 (Eastern European Summer Time)! Possible blocking IO or high CPU user at the same process used by node-cron.
[2026-06-12T11:17:15.536Z] [PID: 2816] [32m[NODE-CRON][32m [33m[WARN][0m missed execution at Fri Jun 12 2026 14:05:00 GMT+0300 (Eastern European Summer Time)! Possible blocking IO or high CPU user at the same process used by node-cron.
[2026-06-12T11:17:15.539Z] [PID: 2816] [32m[NODE-CRON][32m [33m[WARN][0m missed execution at Fri Jun 12 2026 14:10:00 GMT+0300 (Eastern European Summer Time)! Possible blocking IO or high CPU user at the same process used by node-cron.
[2026-06-12T11:17:15.541Z] [PID: 2816] [32m[NODE-CRON][32m [33m[WARN][0m missed execution at Fri Jun 12 2026 14:15:00 GMT+0300 (Eastern European Summer Time)! Possible blocking IO or high CPU user at the same process used by node-cron.
